<?xml version="1.0" encoding="UTF-8"?>
<testsuite xmlns:xsi="http://www.w3.org/2001/XMLSchema-instance" xsi:noNamespaceSchemaLocation="https://maven.apache.org/surefire/maven-surefire-plugin/xsd/surefire-test-report-3.0.xsd" version="3.0" name="edu.pradita.oop.session13.Session13Test" time="0.05" tests="29" errors="0" skipped="0" failures="0">
  <properties>
[...]
</properties>
  <testcase name="lightOffCommandShouldExecuteReceiverAction" classname="edu.pradita.oop.session13.Session13Test" time="0.013"/>
  <testcase name="calculatorShouldSwitchStrategyAtRuntime" classname="edu.pradita.oop.session13.Session13Test" time="0.002"/>
  <testcase name="calculatorShouldUseInitialStrategy" classname="edu.pradita.oop.session13.Session13Test" time="0.0"/>
  <testcase name="lightShouldTurnOff" classname="edu.pradita.oop.session13.Session13Test" time="0.001"/>
  <testcase name="banExpressionShouldInterpretCorrectly" classname="edu.pradita.oop.session13.Session13Test" time="0.001"/>
  <testcase name="parserShouldThrowForUnknownCommand" classname="edu.pradita.oop.session13.Session13Test" time="0.001"/>
  <testcase name="calculatorShouldWorkWithExpressStrategy" classname="edu.pradita.oop.session13.Session13Test" time="0.0"/>
  <testcase name="parserShouldReturnMuteExpression" classname="edu.pradita.oop.session13.Session13Test" time="0.0"/>
  <testcase name="fanShouldTurnOn" classname="edu.pradita.oop.session13.Session13Test" time="0.0"/>
  <testcase name="fanOffCommandShouldExecuteReceiverAction" classname="edu.pradita.oop.session13.Session13Test" time="0.001"/>
  <testcase name="parserShouldReturnKickExpression" classname="edu.pradita.oop.session13.Session13Test" time="0.0"/>
  <testcase name="channelShouldStoreName" classname="edu.pradita.oop.session13.Session13Test" time="0.0"/>
  <testcase name="commandContextShouldStoreInput" classname="edu.pradita.oop.session13.Session13Test" time="0.001"/>
  <testcase name="parserShouldReturnBanExpression" classname="edu.pradita.oop.session13.Session13Test" time="0.0"/>
  <testcase name="uploadVideoShouldNotifyMultipleSubscribers" classname="edu.pradita.oop.session13.Session13Test" time="0.001"/>
  <testcase name="smartRemoteShouldAllowCommandReplacement" classname="edu.pradita.oop.session13.Session13Test" time="0.0"/>
  <testcase name="smartRemoteShouldExecuteAssignedCommand" classname="edu.pradita.oop.session13.Session13Test" time="0.0"/>
  <testcase name="sameDayShippingShouldCalculateCorrectly" classname="edu.pradita.oop.session13.Session13Test" time="0.001"/>
  <testcase name="fanShouldTurnOff" classname="edu.pradita.oop.session13.Session13Test" time="0.0"/>
  <testcase name="lightOnCommandShouldExecuteReceiverAction" classname="edu.pradita.oop.session13.Session13Test" time="0.0"/>
  <testcase name="fanOnCommandShouldExecuteReceiverAction" classname="edu.pradita.oop.session13.Session13Test" time="0.001"/>
  <testcase name="regularShippingShouldCalculateCorrectly" classname="edu.pradita.oop.session13.Session13Test" time="0.0"/>
  <testcase name="subscriberShouldStoreUsername" classname="edu.pradita.oop.session13.Session13Test" time="0.0"/>
  <testcase name="unsubscribeShouldStopNotifications" classname="edu.pradita.oop.session13.Session13Test" time="0.001"/>
  <testcase name="uploadVideoShouldNotifySubscriber" classname="edu.pradita.oop.session13.Session13Test" time="0.0"/>
  <testcase name="lightShouldTurnOn" classname="edu.pradita.oop.session13.Session13Test" time="0.001"/>
  <testcase name="expressShippingShouldCalculateCorrectly" classname="edu.pradita.oop.session13.Session13Test" time="0.0"/>
  <testcase name="muteExpressionShouldInterpretCorrectly" classname="edu.pradita.oop.session13.Session13Test" time="0.0"/>
  <testcase name="kickExpressionShouldInterpretCorrectly" classname="edu.pradita.oop.session13.Session13Test" time="0.0"/>
</testsuite>