<?xml version="1.0" encoding="UTF-8"?>
<testsuite xmlns:xsi="http://www.w3.org/2001/XMLSchema-instance" xsi:noNamespaceSchemaLocation="https://maven.apache.org/surefire/maven-surefire-plugin/xsd/surefire-test-report-3.0.xsd" version="3.0" name="edu.pradita.oop.session10.Session10Test" time="0.094" tests="46" errors="0" skipped="0" failures="0">
  <properties>
[...]
</properties>
  <testcase name="builder_shouldSetEyeConfig" classname="edu.pradita.oop.session10.Session10Test" time="0.026"/>
  <testcase name="registry_eachCallReturnsANewObject" classname="edu.pradita.oop.session10.Session10Test" time="0.002"/>
  <testcase name="goblin_cloneShouldHaveBaseHp" classname="edu.pradita.oop.session10.Session10Test" time="0.002"/>
  <testcase name="goblin_twoClonesAreIndependentOfEachOther" classname="edu.pradita.oop.session10.Session10Test" time="0.001"/>
  <testcase name="builder_settingOneFieldDoesNotAffectOthers" classname="edu.pradita.oop.session10.Session10Test" time="0.001"/>
  <testcase name="builder_shouldApplyNullDefaultEyeConfig" classname="edu.pradita.oop.session10.Session10Test" time="0.001"/>
  <testcase name="builder_shouldSetUpperBody" classname="edu.pradita.oop.session10.Session10Test" time="0.001"/>
  <testcase name="dragon_twoClonesHaveIndependentSpellArrays" classname="edu.pradita.oop.session10.Session10Test" time="0.001"/>
  <testcase name="builder_shouldSetHairStyle" classname="edu.pradita.oop.session10.Session10Test" time="0.001"/>
  <testcase name="registry_shouldThrowForUnregisteredNameEvenAfterOthersAreAdded" classname="edu.pradita.oop.session10.Session10Test" time="0.002"/>
  <testcase name="dragon_cloneShouldHaveBaseHp" classname="edu.pradita.oop.session10.Session10Test" time="0.001"/>
  <testcase name="goblin_modifyingTemplateDoesNotAffectExistingClone" classname="edu.pradita.oop.session10.Session10Test" time="0.0"/>
  <testcase name="registry_modifyingCloneDoesNotCorruptTemplate" classname="edu.pradita.oop.session10.Session10Test" time="0.001"/>
  <testcase name="orc_cloneShouldHaveBaseAttackPower" classname="edu.pradita.oop.session10.Session10Test" time="0.0"/>
  <testcase name="registry_shouldReturnCorrectEnemyType" classname="edu.pradita.oop.session10.Session10Test" time="0.0"/>
  <testcase name="dragon_cloneShouldHaveBaseDrop" classname="edu.pradita.oop.session10.Session10Test" time="0.001"/>
  <testcase name="registry_shouldSupportMultipleEnemyTypes" classname="edu.pradita.oop.session10.Session10Test" time="0.0"/>
  <testcase name="registry_clonesAreIndependentFromEachOther" classname="edu.pradita.oop.session10.Session10Test" time="0.0"/>
  <testcase name="goblin_cloneShouldHaveBaseDefence" classname="edu.pradita.oop.session10.Session10Test" time="0.0"/>
  <testcase name="builder_shouldSetSkinTone" classname="edu.pradita.oop.session10.Session10Test" time="0.0"/>
  <testcase name="dragon_cloneShouldHaveBaseSpells" classname="edu.pradita.oop.session10.Session10Test" time="0.0"/>
  <testcase name="orc_cloneShouldHaveBaseDrop" classname="edu.pradita.oop.session10.Session10Test" time="0.001"/>
  <testcase name="orc_cloneShouldHaveBaseName" classname="edu.pradita.oop.session10.Session10Test" time="0.0"/>
  <testcase name="orc_modifyingCloneDoesNotAffectTemplate" classname="edu.pradita.oop.session10.Session10Test" time="0.0"/>
  <testcase name="builder_twoBuildsAreIndependentObjects" classname="edu.pradita.oop.session10.Session10Test" time="0.001"/>
  <testcase name="dragon_modifyingTemplateSpellsDoesNotAffectClone" classname="edu.pradita.oop.session10.Session10Test" time="0.001"/>
  <testcase name="dragon_modifyingCloneSpellsDoesNotAffectTemplate" classname="edu.pradita.oop.session10.Session10Test" time="0.0"/>
  <testcase name="builder_shouldApplyDefaultLowerBody" classname="edu.pradita.oop.session10.Session10Test" time="0.0"/>
  <testcase name="builder_shouldSetMandatoryName" classname="edu.pradita.oop.session10.Session10Test" time="0.001"/>
  <testcase name="builder_shouldApplyAllFieldsTogether" classname="edu.pradita.oop.session10.Session10Test" time="0.0"/>
  <testcase name="eyeConfig_toStringShouldContainBothFields" classname="edu.pradita.oop.session10.Session10Test" time="0.002"/>
  <testcase name="goblin_cloneShouldHaveBaseAttackPower" classname="edu.pradita.oop.session10.Session10Test" time="0.001"/>
  <testcase name="builder_shouldApplyDefaultSkinTone" classname="edu.pradita.oop.session10.Session10Test" time="0.001"/>
  <testcase name="orc_cloneShouldHaveBaseDefence" classname="edu.pradita.oop.session10.Session10Test" time="0.0"/>
  <testcase name="builder_shouldApplyDefaultUpperBody" classname="edu.pradita.oop.session10.Session10Test" time="0.0"/>
  <testcase name="builder_shouldApplyDefaultHairStyle" classname="edu.pradita.oop.session10.Session10Test" time="0.001"/>
  <testcase name="orc_cloneShouldHaveBaseHp" classname="edu.pradita.oop.session10.Session10Test" time="0.001"/>
  <testcase name="eyeConfig_shouldStoreColor" classname="edu.pradita.oop.session10.Session10Test" time="0.001"/>
  <testcase name="eyeConfig_shouldStoreShape" classname="edu.pradita.oop.session10.Session10Test" time="0.001"/>
  <testcase name="goblin_cloneShouldHaveBaseDrop" classname="edu.pradita.oop.session10.Session10Test" time="0.001"/>
  <testcase name="goblin_cloneShouldHaveBaseName" classname="edu.pradita.oop.session10.Session10Test" time="0.0"/>
  <testcase name="goblin_cloneIsNotSameObjectAsTemplate" classname="edu.pradita.oop.session10.Session10Test" time="0.0"/>
  <testcase name="orc_twoClonesAreIndependent" classname="edu.pradita.oop.session10.Session10Test" time="0.0"/>
  <testcase name="registry_shouldThrowForUnknownEnemy" classname="edu.pradita.oop.session10.Session10Test" time="0.001"/>
  <testcase name="goblin_modifyingCloneDoesNotAffectTemplate" classname="edu.pradita.oop.session10.Session10Test" time="0.0"/>
  <testcase name="builder_shouldSetLowerBody" classname="edu.pradita.oop.session10.Session10Test" time="0.0"/>
</testsuite>