<?xml version="1.0" encoding="UTF-8"?>
<testsuite xmlns:xsi="http://www.w3.org/2001/XMLSchema-instance" xsi:noNamespaceSchemaLocation="https://maven.apache.org/surefire/maven-surefire-plugin/xsd/surefire-test-report.xsd" version="3.0.1" name="edu.pradita.oop.session04.AppTest" time="0.034" tests="8" errors="0" skipped="0" failures="0">
  <properties>
[...]
</properties>
  <testcase name="testDecrementReturnsTrueWhenAboveMin" classname="edu.pradita.oop.session04.AppTest" time="0.015"/>
  <testcase name="testIncrementStopsAtMax" classname="edu.pradita.oop.session04.AppTest" time="0.001"/>
  <testcase name="testIncrementReturnsTrueWhenBelowMax" classname="edu.pradita.oop.session04.AppTest" time="0.0"/>
  <testcase name="testDecrementStopsAtMin" classname="edu.pradita.oop.session04.AppTest" time="0.0"/>
  <testcase name="testIncrementBasic" classname="edu.pradita.oop.session04.AppTest" time="0.001"/>
  <testcase name="testCounterInitialValue" classname="edu.pradita.oop.session04.AppTest" time="0.0"/>
  <testcase name="testIncrementAndDecrement" classname="edu.pradita.oop.session04.AppTest" time="0.0"/>
  <testcase name="testDecrementBasic" classname="edu.pradita.oop.session04.AppTest" time="0.001"/>
</testsuite>