<?xml version="1.0" encoding="UTF-8"?>
<testsuite xmlns:xsi="http://www.w3.org/2001/XMLSchema-instance" xsi:noNamespaceSchemaLocation="https://maven.apache.org/surefire/maven-surefire-plugin/xsd/surefire-test-report-3.0.xsd" version="3.0" name="edu.pradita.oop.session03.UserRepositoryTest" time="0.028" tests="4" errors="0" skipped="0" failures="0">
  <properties>
[...]
</properties>
  <testcase name="testFindAll" classname="edu.pradita.oop.session03.UserRepositoryTest" time="0.013"/>
  <testcase name="testFindById" classname="edu.pradita.oop.session03.UserRepositoryTest" time="0.001"/>
  <testcase name="testDeleteById" classname="edu.pradita.oop.session03.UserRepositoryTest" time="0.001"/>
  <testcase name="testSaveAssignsId" classname="edu.pradita.oop.session03.UserRepositoryTest" time="0.001"/>
</testsuite>