<?xml version="1.0" encoding="UTF-8"?>
<testsuite xmlns:xsi="http://www.w3.org/2001/XMLSchema-instance" xsi:noNamespaceSchemaLocation="https://maven.apache.org/surefire/maven-surefire-plugin/xsd/surefire-test-report-3.0.xsd" version="3.0" name="edu.pradita.oop.session14.Session14Test" time="0.05" tests="23" errors="0" skipped="0" failures="0">
  <properties>
[...]
</properties>
  <testcase name="documentShouldStartInDraftState" classname="edu.pradita.oop.session14.Session14Test" time="0.013"/>
  <testcase name="requestingGreenShouldTurnRequesterGreen" classname="edu.pradita.oop.session14.Session14Test" time="0.001"/>
  <testcase name="unauthenticatedRequestShouldFailAtAuthCheck" classname="edu.pradita.oop.session14.Session14Test" time="0.001">
    <system-out><![CDATA[Auth failed
]]></system-out>
  </testcase>
  <testcase name="chainShouldPrintValidationSteps" classname="edu.pradita.oop.session14.Session14Test" time="0.001"/>
  <testcase name="draftSubmitShouldMoveToReview" classname="edu.pradita.oop.session14.Session14Test" time="0.001">
    <system-out><![CDATA[Submitted for review
]]></system-out>
  </testcase>
  <testcase name="approvedRejectShouldStayApproved" classname="edu.pradita.oop.session14.Session14Test" time="0.001">
    <system-out><![CDATA[Submitted for review
Document approved
Cannot reject approved document
]]></system-out>
  </testcase>
  <testcase name="jsonExporterShouldFollowTemplateSteps" classname="edu.pradita.oop.session14.Session14Test" time="0.001"/>
  <testcase name="trafficLightShouldStoreDirectionAndDefaultColor" classname="edu.pradita.oop.session14.Session14Test" time="0.0"/>
  <testcase name="loginRequestShouldStoreAllFields" classname="edu.pradita.oop.session14.Session14Test" time="0.0"/>
  <testcase name="reviewRejectShouldMoveToRejected" classname="edu.pradita.oop.session14.Session14Test" time="0.001">
    <system-out><![CDATA[Submitted for review
Document rejected
]]></system-out>
  </testcase>
  <testcase name="reviewApproveShouldMoveToApproved" classname="edu.pradita.oop.session14.Session14Test" time="0.001">
    <system-out><![CDATA[Submitted for review
Document approved
]]></system-out>
  </testcase>
  <testcase name="tooManyRequestsShouldFailAtRateLimit" classname="edu.pradita.oop.session14.Session14Test" time="0.001">
    <system-out><![CDATA[Auth passed
Role check passed
Rate limit failed
]]></system-out>
  </testcase>
  <testcase name="csvExporterShouldFollowTemplateSteps" classname="edu.pradita.oop.session14.Session14Test" time="0.001"/>
  <testcase name="pdfExporterShouldFollowTemplateSteps" classname="edu.pradita.oop.session14.Session14Test" time="0.001"/>
  <testcase name="rejectedApproveShouldStayRejected" classname="edu.pradita.oop.session14.Session14Test" time="0.001">
    <system-out><![CDATA[Submitted for review
Document rejected
Cannot approve rejected document
]]></system-out>
  </testcase>
  <testcase name="templateMethodShouldPreserveStepOrder" classname="edu.pradita.oop.session14.Session14Test" time="0.001"/>
  <testcase name="secondLightRequestShouldSwitchGreenControl" classname="edu.pradita.oop.session14.Session14Test" time="0.001"/>
  <testcase name="trafficLightShowShouldPrintStatus" classname="edu.pradita.oop.session14.Session14Test" time="0.002"/>
  <testcase name="requestingGreenShouldTurnOtherLightsRed" classname="edu.pradita.oop.session14.Session14Test" time="0.0"/>
  <testcase name="invalidRoleShouldFailAtRoleCheck" classname="edu.pradita.oop.session14.Session14Test" time="0.001">
    <system-out><![CDATA[Auth passed
Role check failed
]]></system-out>
  </testcase>
  <testcase name="stateMethodsShouldPrintMessages" classname="edu.pradita.oop.session14.Session14Test" time="0.001"/>
  <testcase name="validRequestShouldPassEntireChain" classname="edu.pradita.oop.session14.Session14Test" time="0.0">
    <system-out><![CDATA[Auth passed
Role check passed
Rate limit passed
]]></system-out>
  </testcase>
  <testcase name="draftApproveShouldStayDraft" classname="edu.pradita.oop.session14.Session14Test" time="0.0">
    <system-out><![CDATA[Cannot approve draft
]]></system-out>
  </testcase>
</testsuite>